Determining if the pthread_create exist failed with the following output:
Change Dir: /home/carlos/robocomp/components/robotsOvejas/oveja/CMakeFiles/CMakeTmp

Run Build Command:"/usr/bin/make" "cmTC_3f689/fast"
/usr/bin/make -f CMakeFiles/cmTC_3f689.dir/build.make CMakeFiles/cmTC_3f689.dir/build
make[1]: se entra en el directorio '/home/carlos/robocomp/components/robotsOvejas/oveja/CMakeFiles/CMakeTmp'
Building C object CMakeFiles/cmTC_3f689.dir/CheckSymbolExists.c.o
/usr/bin/cc    -o CMakeFiles/cmTC_3f689.dir/CheckSymbolExists.c.o   -c /home/carlos/robocomp/components/robotsOvejas/oveja/CMakeFiles/CMakeTmp/CheckSymbolExists.c
Linking C executable cmTC_3f689
/usr/bin/cmake -E cmake_link_script CMakeFiles/cmTC_3f689.dir/link.txt --verbose=1
/usr/bin/cc      -rdynamic CMakeFiles/cmTC_3f689.dir/CheckSymbolExists.c.o  -o cmTC_3f689 
CMakeFiles/cmTC_3f689.dir/CheckSymbolExists.c.o: En la función `main':
CheckSymbolExists.c:(.text+0x1b): referencia a `pthread_create' sin definir
collect2: error: ld returned 1 exit status
CMakeFiles/cmTC_3f689.dir/build.make:97: recipe for target 'cmTC_3f689' failed
make[1]: *** [cmTC_3f689] Error 1
make[1]: se sale del directorio '/home/carlos/robocomp/components/robotsOvejas/oveja/CMakeFiles/CMakeTmp'
Makefile:126: recipe for target 'cmTC_3f689/fast' failed
make: *** [cmTC_3f689/fast] Error 2

File /home/carlos/robocomp/components/robotsOvejas/oveja/CMakeFiles/CMakeTmp/CheckSymbolExists.c:
/* */
#include <pthread.h>

int main(int argc, char** argv)
{
  (void)argv;
#ifndef pthread_create
  return ((int*)(&pthread_create))[argc];
#else
  (void)argc;
  return 0;
#endif
}

Determining if the function pthread_create exists in the pthreads failed with the following output:
Change Dir: /home/carlos/robocomp/components/robotsOvejas/oveja/CMakeFiles/CMakeTmp

Run Build Command:"/usr/bin/make" "cmTC_fe621/fast"
/usr/bin/make -f CMakeFiles/cmTC_fe621.dir/build.make CMakeFiles/cmTC_fe621.dir/build
make[1]: se entra en el directorio '/home/carlos/robocomp/components/robotsOvejas/oveja/CMakeFiles/CMakeTmp'
Building C object CMakeFiles/cmTC_fe621.dir/CheckFunctionExists.c.o
/usr/bin/cc   -DCHECK_FUNCTION_EXISTS=pthread_create   -o CMakeFiles/cmTC_fe621.dir/CheckFunctionExists.c.o   -c /usr/share/cmake-3.10/Modules/CheckFunctionExists.c
Linking C executable cmTC_fe621
/usr/bin/cmake -E cmake_link_script CMakeFiles/cmTC_fe621.dir/link.txt --verbose=1
/usr/bin/cc  -DCHECK_FUNCTION_EXISTS=pthread_create    -rdynamic CMakeFiles/cmTC_fe621.dir/CheckFunctionExists.c.o  -o cmTC_fe621 -lpthreads 
/usr/bin/ld: no se puede encontrar -lpthreads
collect2: error: ld returned 1 exit status
CMakeFiles/cmTC_fe621.dir/build.make:97: recipe for target 'cmTC_fe621' failed
make[1]: *** [cmTC_fe621] Error 1
make[1]: se sale del directorio '/home/carlos/robocomp/components/robotsOvejas/oveja/CMakeFiles/CMakeTmp'
Makefile:126: recipe for target 'cmTC_fe621/fast' failed
make: *** [cmTC_fe621/fast] Error 2


