Determining if the pthread_create exist failed with the following output:
Change Dir: /home/carlos/robocomp/components/robotsOvejas/oveja/src/CMakeFiles/CMakeTmp

Run Build Command:"/usr/bin/make" "cmTC_0685a/fast"
/usr/bin/make -f CMakeFiles/cmTC_0685a.dir/build.make CMakeFiles/cmTC_0685a.dir/build
make[1]: se entra en el directorio '/home/carlos/robocomp/components/robotsOvejas/oveja/src/CMakeFiles/CMakeTmp'
Building C object CMakeFiles/cmTC_0685a.dir/CheckSymbolExists.c.o
/usr/bin/cc    -o CMakeFiles/cmTC_0685a.dir/CheckSymbolExists.c.o   -c /home/carlos/robocomp/components/robotsOvejas/oveja/src/CMakeFiles/CMakeTmp/CheckSymbolExists.c
Linking C executable cmTC_0685a
/usr/bin/cmake -E cmake_link_script CMakeFiles/cmTC_0685a.dir/link.txt --verbose=1
/usr/bin/cc      -rdynamic CMakeFiles/cmTC_0685a.dir/CheckSymbolExists.c.o  -o cmTC_0685a 
CMakeFiles/cmTC_0685a.dir/CheckSymbolExists.c.o: En la función `main':
CheckSymbolExists.c:(.text+0x1b): referencia a `pthread_create' sin definir
collect2: error: ld returned 1 exit status
CMakeFiles/cmTC_0685a.dir/build.make:97: recipe for target 'cmTC_0685a' failed
make[1]: *** [cmTC_0685a] Error 1
make[1]: se sale del directorio '/home/carlos/robocomp/components/robotsOvejas/oveja/src/CMakeFiles/CMakeTmp'
Makefile:126: recipe for target 'cmTC_0685a/fast' failed
make: *** [cmTC_0685a/fast] Error 2

File /home/carlos/robocomp/components/robotsOvejas/oveja/src/CMakeFiles/CMakeTmp/CheckSymbolExists.c:
/* */
#include <pthread.h>

int main(int argc, char** argv)
{
  (void)argv;
#ifndef pthread_create
  return ((int*)(&pthread_create))[argc];
#else
  (void)argc;
  return 0;
#endif
}

Determining if the function pthread_create exists in the pthreads failed with the following output:
Change Dir: /home/carlos/robocomp/components/robotsOvejas/oveja/src/CMakeFiles/CMakeTmp

Run Build Command:"/usr/bin/make" "cmTC_9fc68/fast"
/usr/bin/make -f CMakeFiles/cmTC_9fc68.dir/build.make CMakeFiles/cmTC_9fc68.dir/build
make[1]: se entra en el directorio '/home/carlos/robocomp/components/robotsOvejas/oveja/src/CMakeFiles/CMakeTmp'
Building C object CMakeFiles/cmTC_9fc68.dir/CheckFunctionExists.c.o
/usr/bin/cc   -DCHECK_FUNCTION_EXISTS=pthread_create   -o CMakeFiles/cmTC_9fc68.dir/CheckFunctionExists.c.o   -c /usr/share/cmake-3.10/Modules/CheckFunctionExists.c
Linking C executable cmTC_9fc68
/usr/bin/cmake -E cmake_link_script CMakeFiles/cmTC_9fc68.dir/link.txt --verbose=1
/usr/bin/cc  -DCHECK_FUNCTION_EXISTS=pthread_create    -rdynamic CMakeFiles/cmTC_9fc68.dir/CheckFunctionExists.c.o  -o cmTC_9fc68 -lpthreads 
/usr/bin/ld: no se puede encontrar -lpthreads
collect2: error: ld returned 1 exit status
CMakeFiles/cmTC_9fc68.dir/build.make:97: recipe for target 'cmTC_9fc68' failed
make[1]: *** [cmTC_9fc68] Error 1
make[1]: se sale del directorio '/home/carlos/robocomp/components/robotsOvejas/oveja/src/CMakeFiles/CMakeTmp'
Makefile:126: recipe for target 'cmTC_9fc68/fast' failed
make: *** [cmTC_9fc68/fast] Error 2


Performing C SOURCE FILE Test CMAKE_HAVE_LIBC_PTHREAD failed with the following output:
Change Dir: /home/carlos/robocomp/components/robotsOvejas/oveja/src/CMakeFiles/CMakeTmp

Run Build Command(s):/usr/bin/make cmTC_20a80/fast && /usr/bin/make -f CMakeFiles/cmTC_20a80.dir/build.make CMakeFiles/cmTC_20a80.dir/build
make[1]: se entra en el directorio '/home/carlos/robocomp/components/robotsOvejas/oveja/src/CMakeFiles/CMakeTmp'
Building C object CMakeFiles/cmTC_20a80.dir/src.c.o
/usr/bin/cc   -DCMAKE_HAVE_LIBC_PTHREAD   -o CMakeFiles/cmTC_20a80.dir/src.c.o   -c /home/carlos/robocomp/components/robotsOvejas/oveja/src/CMakeFiles/CMakeTmp/src.c
Linking C executable cmTC_20a80
/snap/clion/110/bin/cmake/linux/bin/cmake -E cmake_link_script CMakeFiles/cmTC_20a80.dir/link.txt --verbose=1
/usr/bin/cc  -DCMAKE_HAVE_LIBC_PTHREAD    -rdynamic CMakeFiles/cmTC_20a80.dir/src.c.o  -o cmTC_20a80 
CMakeFiles/cmTC_20a80.dir/src.c.o: En la función `main':
src.c:(.text+0x3e): referencia a `pthread_create' sin definir
src.c:(.text+0x4a): referencia a `pthread_detach' sin definir
src.c:(.text+0x5b): referencia a `pthread_join' sin definir
src.c:(.text+0x6f): referencia a `pthread_atfork' sin definir
collect2: error: ld returned 1 exit status
CMakeFiles/cmTC_20a80.dir/build.make:86: recipe for target 'cmTC_20a80' failed
make[1]: *** [cmTC_20a80] Error 1
make[1]: se sale del directorio '/home/carlos/robocomp/components/robotsOvejas/oveja/src/CMakeFiles/CMakeTmp'
Makefile:121: recipe for target 'cmTC_20a80/fast' failed
make: *** [cmTC_20a80/fast] Error 2


Source file was:
#include <pthread.h>

void* test_func(void* data)
{
  return data;
}

int main(void)
{
  pthread_t thread;
  pthread_create(&thread, NULL, test_func, NULL);
  pthread_detach(thread);
  pthread_join(thread, NULL);
  pthread_atfork(NULL, NULL, NULL);
  pthread_exit(NULL);

  return 0;
}

